<?xml version="1.0" encoding="UTF-8"?>
<!-- Generated by org.testng.reporters.JUnitReportReporter -->
<testsuite hostname="DESKTOP-V15HPFF" failures="0" tests="1" name="com.mystore.testcases.ProductOrder" time="42.060" errors="0" timestamp="2025-07-30T11:26:57 PDT" skipped="0">
  <testcase classname="com.mystore.testcases.ProductOrder" name="ToverifyOrderproduct" time="42.060"/>
</testsuite> <!-- com.mystore.testcases.ProductOrder -->
