<?xml version="1.0" encoding="UTF-8"?>
<!-- Generated by org.testng.reporters.JUnitReportReporter -->
<testsuite hostname="DESKTOP-V15HPFF" failures="0" tests="1" name="com.mystore.testcases.TC_By_Product" time="22.478" errors="0" timestamp="2025-08-10T12:56:46 PDT" skipped="0">
  <testcase classname="com.mystore.testcases.TC_By_Product" name="verifyalreadyregtlogin" time="22.478"/>
</testsuite> <!-- com.mystore.testcases.TC_By_Product -->
