<?xml version="1.0" encoding="UTF-8"?>
<!-- Generated by org.testng.reporters.JUnitReportReporter -->
<testsuite hostname="DESKTOP-V15HPFF" failures="0" tests="2" name="com.mystore.testcases.TC_MyaccountPagetest" time="19.857" errors="0" timestamp="2025-08-10T06:39:34 PDT" skipped="1">
  <testcase classname="com.mystore.testcases.TC_MyaccountPagetest" name="verifyalreadyregtlogin" time="19.857"/>
  <testcase classname="com.mystore.testcases.TC_MyaccountPagetest" name="varifyRegistrationandlogin">
    <skipped/>
  </testcase> <!-- varifyRegistrationandlogin -->
</testsuite> <!-- com.mystore.testcases.TC_MyaccountPagetest -->
