<?xml version="1.0" encoding="UTF-8"?>
<!-- Generated by org.testng.reporters.JUnitReportReporter -->
<testsuite hostname="DESKTOP-V15HPFF" failures="0" tests="1" name="com.mystore.testcases.By_Product" time="43.120" errors="0" timestamp="2025-07-30T10:20:04 PDT" skipped="0">
  <testcase classname="com.mystore.testcases.By_Product" name="verifyalreadyregtlogin" time="43.120"/>
</testsuite> <!-- com.mystore.testcases.By_Product -->
