<?xml version="1.0" encoding="UTF-8"?>
<!-- Generated by org.testng.reporters.JUnitReportReporter -->
<testsuite hostname="DESKTOP-V15HPFF" failures="0" tests="1" name="com.mystore.testcases.TC_ProductOrder" time="47.428" errors="0" timestamp="2025-08-10T10:04:42 PDT" skipped="0">
  <testcase classname="com.mystore.testcases.TC_ProductOrder" name="ToverifyOrderproduct" time="47.428"/>
</testsuite> <!-- com.mystore.testcases.TC_ProductOrder -->
